2019-02-21 18:32:37,594 - Log4JLogChute initialized using file 'velocity.log'
2019-02-21 18:32:37,594 - Initializing Velocity, Calling init()...
2019-02-21 18:32:37,594 - Starting Apache Velocity v1.7 (compiled: 2010-11-19 12:14:37)
2019-02-21 18:32:37,594 - Default Properties File: org\apache\velocity\runtime\defaults\velocity.properties
2019-02-21 18:32:37,594 - Trying to use logger class org.apache.velocity.runtime.log.AvalonLogChute
2019-02-21 18:32:37,594 - Target log system for org.apache.velocity.runtime.log.AvalonLogChute is not available (java.lang.NoClassDefFoundError: org/apache/log/format/Formatter).  Falling back to next log system...
2019-02-21 18:32:37,595 - Trying to use logger class org.apache.velocity.runtime.log.Log4JLogChute
2019-02-21 18:32:37,595 - Using logger class org.apache.velocity.runtime.log.Log4JLogChute
2019-02-21 18:32:37,598 - ResourceLoader instantiated: org.apache.velocity.runtime.resource.loader.ClasspathResourceLoader
2019-02-21 18:32:37,606 - ResourceCache: initialized (class org.apache.velocity.runtime.resource.ResourceCacheImpl) with class java.util.Collections$SynchronizedMap cache map.
2019-02-21 18:32:37,606 - Loaded System Directive: org.apache.velocity.runtime.directive.Stop
2019-02-21 18:32:37,606 - Loaded System Directive: org.apache.velocity.runtime.directive.Define
2019-02-21 18:32:37,621 - Loaded System Directive: org.apache.velocity.runtime.directive.Break
2019-02-21 18:32:37,621 - Loaded System Directive: org.apache.velocity.runtime.directive.Evaluate
2019-02-21 18:32:37,621 - Loaded System Directive: org.apache.velocity.runtime.directive.Literal
2019-02-21 18:32:37,621 - Loaded System Directive: org.apache.velocity.runtime.directive.Macro
2019-02-21 18:32:37,621 - Loaded System Directive: org.apache.velocity.runtime.directive.Parse
2019-02-21 18:32:37,621 - Loaded System Directive: org.apache.velocity.runtime.directive.Include
2019-02-21 18:32:37,621 - Loaded System Directive: org.apache.velocity.runtime.directive.Foreach
2019-02-21 18:32:37,668 - Created '20' parsers.
2019-02-21 18:32:37,668 - Velocimacro : "velocimacro.library" is not set.  Trying default library: VM_global_library.vm
2019-02-21 18:32:37,684 - Could not load resource 'VM_global_library.vm' from ResourceLoader org.apache.velocity.runtime.resource.loader.ClasspathResourceLoader: ClasspathResourceLoader Error: cannot find resource VM_global_library.vm
2019-02-21 18:32:37,684 - Velocimacro : Default library not found.
2019-02-21 18:32:37,684 - Velocimacro : allowInline = true : VMs can be defined inline in templates
2019-02-21 18:32:37,684 - Velocimacro : allowInlineToOverride = false : VMs defined inline may NOT replace previous VM definitions
2019-02-21 18:32:37,684 - Velocimacro : allowInlineLocal = false : VMs defined inline will be global in scope if allowed.
2019-02-21 18:32:37,684 - Velocimacro : autoload off : VM system will not automatically reload global library macros
2019-02-21 18:32:37,699 - ResourceManager : found /templates/service.java.vm with loader org.apache.velocity.runtime.resource.loader.ClasspathResourceLoader
2019-02-21 18:32:37,717 - ResourceManager : found /templates/serviceImpl.java.vm with loader org.apache.velocity.runtime.resource.loader.ClasspathResourceLoader
2019-02-21 18:32:37,733 - ResourceManager : found /templates/controller.java.vm with loader org.apache.velocity.runtime.resource.loader.ClasspathResourceLoader
2019-02-21 18:35:14,241 - Log4JLogChute initialized using file 'velocity.log'
2019-02-21 18:35:14,241 - Initializing Velocity, Calling init()...
2019-02-21 18:35:14,241 - Starting Apache Velocity v1.7 (compiled: 2010-11-19 12:14:37)
2019-02-21 18:35:14,241 - Default Properties File: org\apache\velocity\runtime\defaults\velocity.properties
2019-02-21 18:35:14,241 - Trying to use logger class org.apache.velocity.runtime.log.AvalonLogChute
2019-02-21 18:35:14,241 - Target log system for org.apache.velocity.runtime.log.AvalonLogChute is not available (java.lang.NoClassDefFoundError: org/apache/log/format/Formatter).  Falling back to next log system...
2019-02-21 18:35:14,241 - Trying to use logger class org.apache.velocity.runtime.log.Log4JLogChute
2019-02-21 18:35:14,241 - Using logger class org.apache.velocity.runtime.log.Log4JLogChute
2019-02-21 18:35:14,257 - ResourceLoader instantiated: org.apache.velocity.runtime.resource.loader.ClasspathResourceLoader
2019-02-21 18:35:14,257 - ResourceCache: initialized (class org.apache.velocity.runtime.resource.ResourceCacheImpl) with class java.util.Collections$SynchronizedMap cache map.
2019-02-21 18:35:14,273 - Loaded System Directive: org.apache.velocity.runtime.directive.Stop
2019-02-21 18:35:14,273 - Loaded System Directive: org.apache.velocity.runtime.directive.Define
2019-02-21 18:35:14,273 - Loaded System Directive: org.apache.velocity.runtime.directive.Break
2019-02-21 18:35:14,273 - Loaded System Directive: org.apache.velocity.runtime.directive.Evaluate
2019-02-21 18:35:14,273 - Loaded System Directive: org.apache.velocity.runtime.directive.Literal
2019-02-21 18:35:14,273 - Loaded System Directive: org.apache.velocity.runtime.directive.Macro
2019-02-21 18:35:14,273 - Loaded System Directive: org.apache.velocity.runtime.directive.Parse
2019-02-21 18:35:14,273 - Loaded System Directive: org.apache.velocity.runtime.directive.Include
2019-02-21 18:35:14,273 - Loaded System Directive: org.apache.velocity.runtime.directive.Foreach
2019-02-21 18:35:14,324 - Created '20' parsers.
2019-02-21 18:35:14,329 - Velocimacro : "velocimacro.library" is not set.  Trying default library: VM_global_library.vm
2019-02-21 18:35:14,330 - Could not load resource 'VM_global_library.vm' from ResourceLoader org.apache.velocity.runtime.resource.loader.ClasspathResourceLoader: ClasspathResourceLoader Error: cannot find resource VM_global_library.vm
2019-02-21 18:35:14,330 - Velocimacro : Default library not found.
2019-02-21 18:35:14,330 - Velocimacro : allowInline = true : VMs can be defined inline in templates
2019-02-21 18:35:14,330 - Velocimacro : allowInlineToOverride = false : VMs defined inline may NOT replace previous VM definitions
2019-02-21 18:35:14,330 - Velocimacro : allowInlineLocal = false : VMs defined inline will be global in scope if allowed.
2019-02-21 18:35:14,330 - Velocimacro : autoload off : VM system will not automatically reload global library macros
2019-02-21 18:35:14,337 - ResourceManager : found /templates/service.java.vm with loader org.apache.velocity.runtime.resource.loader.ClasspathResourceLoader
2019-02-21 18:35:14,352 - ResourceManager : found /templates/serviceImpl.java.vm with loader org.apache.velocity.runtime.resource.loader.ClasspathResourceLoader
